{"numFailedTestSuites":0,"numFailedTests":0,"numPassedTestSuites":2,"numPassedTests":4,"numPendingTestSuites":0,"numPendingTests":0,"numRuntimeErrorTestSuites":0,"numTotalTestSuites":2,"numTotalTests":4,"openHandles":[],"snapshot":{"added":0,"didUpdate":false,"failure":false,"filesAdded":0,"filesRemoved":0,"filesUnmatched":0,"filesUpdated":0,"matched":1,"total":1,"unchecked":0,"uncheckedKeysByFile":[],"unmatched":0,"updated":0},"startTime":1546430575552,"success":true,"testResults":[{"assertionResults":[{"ancestorTitles":[">>> Button --- Snapshot"],"failureMessages":[],"fullName":">>> Button --- Snapshot +++capturing snapshot of Button","location":null,"status":"passed","title":"+++capturing snapshot of Button"},{"ancestorTitles":["Testing Storybook"],"failureMessages":[],"fullName":"Testing Storybook simple test","location":null,"status":"passed","title":"simple test"}],"endTime":1546430578008,"message":"","name":"/home/serezon/Learn/trainee/__tests__/app/components/button/Button.test.js","startTime":1546430576841,"status":"passed","summary":""},{"assertionResults":[{"ancestorTitles":["<Header />"],"failureMessages":[],"fullName":"<Header /> Header contains Link","location":null,"status":"passed","title":"Header contains Link"},{"ancestorTitles":["<Header />"],"failureMessages":[],"fullName":"<Header /> Header contains Button if isAuthenticated === true","location":null,"status":"passed","title":"Header contains Button if isAuthenticated === true"}],"endTime":1546430578165,"message":"","name":"/home/serezon/Learn/trainee/__tests__/app/components/layouts/Header.test.jsx","startTime":1546430576782,"status":"passed","summary":""}],"wasInterrupted":false}